<?xml version="1.0" encoding="UTF-8"?>
<testng-results skipped="0" failed="0" ignored="0" total="3" passed="3">
  <reporter-output>
  </reporter-output>
  <suite name="Default suite" duration-ms="3574" started-at="2020-08-18T08:36:24 PDT" finished-at="2020-08-18T08:36:27 PDT">
    <groups>
    </groups>
    <test name="Default test" duration-ms="3574" started-at="2020-08-18T08:36:24 PDT" finished-at="2020-08-18T08:36:27 PDT">
      <class name="stubMapping.stub1">
        <test-method status="PASS" signature="startServer()[pri:0, instance:stubMapping.stub1@54e1c68b]" name="startServer" is-config="true" duration-ms="590" started-at="2020-08-18T08:36:23 PDT" finished-at="2020-08-18T08:36:24 PDT">
          <reporter-output>
          </reporter-output>
        </test-method> <!-- startServer -->
        <test-method status="PASS" signature="getBlueTesla()[pri:0, instance:stubMapping.stub1@54e1c68b]" name="getBlueTesla" duration-ms="1801" started-at="2020-08-18T08:36:24 PDT" finished-at="2020-08-18T08:36:26 PDT">
          <reporter-output>
          </reporter-output>
        </test-method> <!-- getBlueTesla -->
        <test-method status="PASS" signature="lowestRentalPerDay()[pri:1, instance:stubMapping.stub1@54e1c68b]" name="lowestRentalPerDay" duration-ms="759" started-at="2020-08-18T08:36:26 PDT" finished-at="2020-08-18T08:36:26 PDT">
          <reporter-output>
          </reporter-output>
        </test-method> <!-- lowestRentalPerDay -->
        <test-method status="PASS" signature="highestProfitGeneratingCar()[pri:2, instance:stubMapping.stub1@54e1c68b]" name="highestProfitGeneratingCar" duration-ms="979" started-at="2020-08-18T08:36:26 PDT" finished-at="2020-08-18T08:36:27 PDT">
          <reporter-output>
          </reporter-output>
        </test-method> <!-- highestProfitGeneratingCar -->
        <test-method status="PASS" signature="stopServer()[pri:0, instance:stubMapping.stub1@54e1c68b]" name="stopServer" is-config="true" duration-ms="14" started-at="2020-08-18T08:36:27 PDT" finished-at="2020-08-18T08:36:27 PDT">
          <reporter-output>
          </reporter-output>
        </test-method> <!-- stopServer -->
      </class> <!-- stubMapping.stub1 -->
    </test> <!-- Default test -->
  </suite> <!-- Default suite -->
</testng-results>
